INFO: checking out_of_order...
INFO:     out_of_order check complete (0.000322 sec).
INFO: checking system...
INFO:     system check complete (0.000016 sec).
INFO: checking solvers...
INFO:     solvers check complete (0.000137 sec).
INFO: checking dup_inputs...
INFO:     dup_inputs check complete (0.000042 sec).
INFO: checking missing_recorders...
INFO:     missing_recorders check complete (0.000002 sec).
INFO: checking unserializable_options...
INFO:     unserializable_options check complete (0.000848 sec).
INFO: checking comp_has_no_outputs...
INFO:     comp_has_no_outputs check complete (0.000020 sec).
INFO: checking auto_ivc_warnings...
INFO:     auto_ivc_warnings check complete (0.000002 sec).
INFO: checking out_of_order...
INFO:     out_of_order check complete (0.000221 sec).
INFO: checking system...
INFO:     system check complete (0.000035 sec).
INFO: checking solvers...
INFO:     solvers check complete (0.000135 sec).
INFO: checking dup_inputs...
INFO:     dup_inputs check complete (0.000046 sec).
INFO: checking missing_recorders...
INFO:     missing_recorders check complete (0.000001 sec).
INFO: checking unserializable_options...
INFO:     unserializable_options check complete (0.000826 sec).
INFO: checking comp_has_no_outputs...
INFO:     comp_has_no_outputs check complete (0.000026 sec).
INFO: checking auto_ivc_warnings...
INFO:     auto_ivc_warnings check complete (0.000002 sec).
INFO: checking out_of_order...
INFO:     out_of_order check complete (0.000188 sec).
INFO: checking system...
INFO:     system check complete (0.000033 sec).
INFO: checking solvers...
INFO:     solvers check complete (0.000179 sec).
INFO: checking dup_inputs...
INFO:     dup_inputs check complete (0.000044 sec).
INFO: checking missing_recorders...
INFO:     missing_recorders check complete (0.000002 sec).
INFO: checking unserializable_options...
INFO:     unserializable_options check complete (0.000756 sec).
INFO: checking comp_has_no_outputs...
INFO:     comp_has_no_outputs check complete (0.000019 sec).
INFO: checking auto_ivc_warnings...
INFO:     auto_ivc_warnings check complete (0.000002 sec).
